
ROM used:   1685/8192 (21%)
            1685/8192 (21%) including unused fragments

            1.0 Average locations per line
            7.8 Average locations per statement

RAM used:   32/368 (9%) at main() level
            63/368 (17%) worst case

Stack used: 8 worst case (7 in main + 1 for interrupts)
Stack size: 8

Lines Stmts  %   Files
----- ----- ---  -----
  236   115  53  main.c
  796     0   0  C:\Program Files (x86)\PICC\Devices\16F887.h
  456   100  47  C:\Program Files (x86)\PICC\Drivers\lcd.c
  180     0   0  C:\Program Files (x86)\PICC\Drivers\stdint.h
   39     0   0  C:\Program Files (x86)\PICC\Drivers\stdbool.h
----- -----
 1707   215 Total

Page ROM  %  RAM    Vol Diff  Functions:
---- --- --- ---    --- ----  ----------
0     20   1    1             @delay_ms1
 Inline         3    760  4.5  lcd_read_byte
0     49   3    2    262  3.7  lcd_read_nibble
0     46   3    1    399  2.4  lcd_send_nibble
0     94   6    3    415  3.7  lcd_send_byte
0     70   4    6    852  6.2  lcd_init
0     18   1    4    208  6.3  lcd_gotoxy
0     44   3    1    354  4.7  lcd_putc
0     38   2    2     92  1.9  TIMER2_isr
0     93   6    6    371  6.5  Button_Is_Pressed
0     34   2    6             @WRITEBITA
0     27   2    5             @READBITA
0     36   2    1    192  3.0  Display_Dir
0      3   0    0             @const755
0     86   5    4             @PSTRINGC7_698
0      3   0    0             @const760
0      8   0    0             @const761
0    239  14    4    180  3.8  Display_Duty
 Inline        13             @MUL3232
 Inline        14             @DIVS3232
0     79   5   13             @DIV3232
0    126   7   12             @PRINTF_L32D_698
0    112   7    4     72  1.5  Display_Speed
0      5   0    0    305  4.1  @const778
 Inline         5    295  4.5  @PSTRINGCN7_698
0    374  22    9   3227 11.4  MAIN
 Inline         0             @cinit1

Program metrics:
    Functions               15
    Statements              215
    Comments                332
    Volume (V)              12355
    Difficulty (D)          67.6
    Effort to implement (E) 835168
    Time to implement (T)   12 hours, 53 minutes
    Est Delivered Bugs (B)  3
    Cyclomatic Complexity   33
    Maintainability (MI)    135

 Segment     Used  Free
-----------  ----  ----
00000-00003     4  0  
00004-00050    77  0  
00051-007FF  1604  363  
00800-00FFF     0  2048  
01000-017FF     0  2048  
01800-01FFF     0  2048  



